Well	Hello there!	!
Well	hello there!	!
Well	hello there!	!
 Ah	)Twnoehe: Which is complete gibberish?
Well	hello there!	! Ah	)Twnoehe: Which is complete gibberish?


hello there
	gWell	hello there!	! Ah	)Twnoehe: Which is complete gibberish?


hello there
	gWell	hello there!	! Ah	)Twnoehe: Which is complete gibberish?
????????
????????



hello there
	gWell	hello there!	   but wait ...! Ah	)Twnoehe: Which is complete gibberish?
????????
????????

H
hello there
	gWell	hello there!	   but wait ...! Ah	)Twnoehe: Which is complete gibberish?
????????
????????

